--------------- Clean Started: 07/27/2023 14:54:42 Project: Bluetooth_Test, Configuration: ARM GCC 5.4-2016-q2-update Debug ---------------
Deleting file ".\CortexM0\ARM_GCC_541\Debug\main.o"
Deleting file ".\CortexM0\ARM_GCC_541\Debug\cyfitter_cfg.o"
Deleting file ".\CortexM0\ARM_GCC_541\Debug\cymetadata.o"
Deleting file ".\CortexM0\ARM_GCC_541\Debug\ble.o"
Deleting file ".\CortexM0\ARM_GCC_541\Debug\ble_gatt.o"
Deleting file ".\CortexM0\ARM_GCC_541\Debug\ble_eventHandler.o"
Deleting file ".\CortexM0\ARM_GCC_541\Debug\ble_HAL_INT.o"
Deleting file ".\CortexM0\ARM_GCC_541\Debug\ble_HAL_PVT.o"
Deleting file ".\CortexM0\ARM_GCC_541\Debug\ble_custom.o"
Deleting file ".\CortexM0\ARM_GCC_541\Debug\ble_bless_isr.o"
Deleting file ".\CortexM0\ARM_GCC_541\Debug\Cm0Start.o"
Deleting file ".\CortexM0\ARM_GCC_541\Debug\CyFlash.o"
Deleting file ".\CortexM0\ARM_GCC_541\Debug\CyLib.o"
Deleting file ".\CortexM0\ARM_GCC_541\Debug\cyPm.o"
Deleting file ".\CortexM0\ARM_GCC_541\Debug\cyutils.o"
Deleting file ".\CortexM0\ARM_GCC_541\Debug\CyBootAsmGnu.o"
Deleting file ".\CortexM0\ARM_GCC_541\Debug\CyLFClk.o"
Deleting file ".\CortexM0\ARM_GCC_541\Debug\cy_em_eeprom.o"
Deleting file ".\CortexM0\ARM_GCC_541\Debug\Bluetooth_Test.hex"
Deleting file ".\CortexM0\ARM_GCC_541\Debug\Bluetooth_Test.elf"
Deleting file ".\CortexM0\ARM_GCC_541\Debug\Bluetooth_Test.map"
Deleting file ".\Bluetooth_Test.cycdx"
Deleting file ".\Bluetooth_Test.rpt"
Deleting file ".\Bluetooth_Test_timing.html"
Deleting file ".\CortexM0\ARM_GCC_541\Debug\.deps\SOURCE_C__ARM_GCC_GENERIC.P"
Deleting file ".\CortexM0\ARM_GCC_541\Debug\.deps\SOURCE_ASM__ARM_GCC_GENERIC.P"
--------------- Clean Succeeded: 07/27/2023 14:54:42 ---------------
